<?xml version="1.0" encoding="UTF-8"?>
<!-- Generated by org.testng.reporters.JUnitReportReporter -->
<testsuite skipped="0" hostname="BALAJI" name="tesng.Priority" tests="4" failures="0" timestamp="30 Jan 2019 18:56:39 GMT" time="0.054" errors="0">
  <testcase name="priorityTest1" time="0.039" classname="tesng.Priority"/>
  <testcase name="priorityTest2" time="0.007" classname="tesng.Priority"/>
  <testcase name="priorityTest3" time="0.005" classname="tesng.Priority"/>
  <testcase name="priorityTest4" time="0.003" classname="tesng.Priority"/>
</testsuite> <!-- tesng.Priority -->
