<?xml version="1.0" encoding="UTF-8"?>
<!-- Generated by org.testng.reporters.JUnitReportReporter -->
<testsuite skipped="0" hostname="BALAJI" name="tesng.TestNgSample" tests="6" failures="0" timestamp="30 Jan 2019 19:24:14 GMT" time="0.053" errors="0">
  <testcase name="testLogic32" time="0.006" classname="tesng.TestNgSample"/>
  <testcase name="testLogic1" time="0.014" classname="tesng.TestNgSample"/>
  <testcase name="testLogic32" time="0.009" classname="tesng.TestNgSample"/>
  <testcase name="testLogic1" time="0.006" classname="tesng.TestNgSample"/>
  <testcase name="testLogic3" time="0.011" classname="tesng.TestNgSample"/>
  <testcase name="testLogic3" time="0.007" classname="tesng.TestNgSample"/>
</testsuite> <!-- tesng.TestNgSample -->
